<?xml version="1.0" encoding="UTF-8"?>
<testng-results ignored="0" total="1" passed="1" failed="0" skipped="0">
  <reporter-output>
  </reporter-output>
  <suite started-at="2023-10-27T23:23:37 IST" name="Default suite" finished-at="2023-10-27T23:24:06 IST" duration-ms="29017">
    <groups>
    </groups>
    <test started-at="2023-10-27T23:23:37 IST" name="Default test" finished-at="2023-10-27T23:24:06 IST" duration-ms="29017">
      <class name="orangeHRM.fb">
        <test-method is-config="true" signature="setup()[pri:0, instance:orangeHRM.fb@44c03695]" started-at="2023-10-27T23:23:37 IST" name="setup" finished-at="2023-10-27T23:23:59 IST" duration-ms="21674" status="PASS">
          <reporter-output>
          </reporter-output>
        </test-method> <!-- setup -->
        <test-method is-config="true" signature="urlload()[pri:0, instance:orangeHRM.fb@44c03695]" started-at="2023-10-27T23:23:59 IST" name="urlload" finished-at="2023-10-27T23:24:05 IST" duration-ms="5550" status="PASS">
          <reporter-output>
          </reporter-output>
        </test-method> <!-- urlload -->
        <test-method signature="test1()[pri:0, instance:orangeHRM.fb@44c03695]" started-at="2023-10-27T23:24:05 IST" name="test1" finished-at="2023-10-27T23:24:06 IST" duration-ms="1652" status="PASS">
          <reporter-output>
          </reporter-output>
        </test-method> <!-- test1 -->
      </class> <!-- orangeHRM.fb -->
    </test> <!-- Default test -->
  </suite> <!-- Default suite -->
</testng-results>
